14:58:05.242 karate.env system property was:  
14:58:05.716 request:
1 > POST https://restful-booker.herokuapp.com/booking
1 > Accept: application/json
1 > Accept-Encoding: gzip,deflate
1 > Connection: Keep-Alive
1 > Content-Length: 168
1 > Content-Type: application/json; charset=UTF-8
1 > Host: restful-booker.herokuapp.com
1 > User-Agent: Apache-HttpClient/4.5.11 (Java/1.8.0_144)
{"firstname":"Jim","lastname":"Brown","totalprice":111,"depositpaid":true,"bookingdates":{"checkin":"2020-05-01","checkout":"2020-05-20"},"additionalneeds":"Breakfast"}

14:58:07.687 response time in milliseconds: 1969.05
1 < 200
1 < Connection: keep-alive
1 < Content-Length: 195
1 < Content-Type: application/json; charset=utf-8
1 < Date: Tue, 19 May 2020 07:58:07 GMT
1 < Etag: W/"c3-C5GLATRCBUyBmmfqb3jc//myl9g"
1 < Server: Cowboy
1 < Via: 1.1 vegur
1 < X-Powered-By: Express
{"bookingid":12,"booking":{"firstname":"Jim","lastname":"Brown","totalprice":111,"depositpaid":true,"bookingdates":{"checkin":"2020-05-01","checkout":"2020-05-20"},"additionalneeds":"Breakfast"}}

onse time in milliseconds: 767.31
1 < 201
1 < Connection: keep-alive
1 < Content-Length: 7
1 < Content-Type: text/plain; charset=utf-8
1 < Date: Tue, 19 May 2020 07:56:38 GMT
1 < Etag: W/"7-rM9AyJuqT6iOan/xHh+AW+7K/T8"
1 < Server: Cowboy
1 < Via: 1.1 vegur
1 < X-Powered-By: Express
Created

14:56:38.998 karate.env system property was:  
14:56:39.000 request:
1 > POST https://restful-booker.herokuapp.com/auth
1 > Accept-Encoding: gzip,deflate
1 > Connection: Keep-Alive
1 > Content-Length: 45
1 > Content-Type: application/json; charset=UTF-8
1 > Host: restful-booker.herokuapp.com
1 > User-Agent: Apache-HttpClient/4.5.11 (Java/1.8.0_144)
{"username":"admin","password":"password123"}

14:56:39.970 response time in milliseconds: 969.44
1 < 200
1 < Connection: keep-alive
1 < Content-Length: 27
1 < Content-Type: application/json; charset=utf-8
1 < Date: Tue, 19 May 2020 07:56:39 GMT
1 < Etag: W/"1b-C5s5ly/fDKIWhgF2NuBBG7navx4"
1 < Server: Cowboy
1 < Via: 1.1 vegur
1 < X-Powered-By: Express
{"token":"f041d90b1b7e325"}

14:56:39.996 karate.env system property was:  
14:56:40.004 request:
1 > POST https://restful-booker.herokuapp.com/booking
1 > Accept: application/json
1 > Accept-Encoding: gzip,deflate
1 > Connection: Keep-Alive
1 > Content-Length: 168
1 > Content-Type: application/json; charset=UTF-8
1 > Host: restful-booker.herokuapp.com
1 > User-Agent: Apache-HttpClient/4.5.11 (Java/1.8.0_144)
{"firstname":"Jim","lastname":"Brown","totalprice":111,"depositpaid":true,"bookingdates":{"checkin":"2020-05-01","checkout":"2020-05-20"},"additionalneeds":"Breakfast"}

14:56:40.848 response time in milliseconds: 843.74
1 < 200
1 < Connection: keep-alive
1 < Content-Length: 195
1 < Content-Type: application/json; charset=utf-8
1 < Date: Tue, 19 May 2020 07:56:40 GMT
1 < Etag: W/"c3-pz+wvjn1v5TQTBwSnTAChShhOZA"
1 < Server: Cowboy
1 < Via: 1.1 vegur
1 < X-Powered-By: Express
{"bookingid":11,"booking":{"firstname":"Jim","lastname":"Brown","totalprice":111,"depositpaid":true,"bookingdates":{"checkin":"2020-05-01","checkout":"2020-05-20"},"additionalneeds":"Breakfast"}}

stname":"Jim","lastname":"Brown","totalprice":111,"depositpaid":true,"bookingdates":{"checkin":"2020-05-01","checkout":"2020-05-20"},"additionalneeds":"Breakfast"}}

rase": "Multi-tiered zero tolerance productivity",
      "bs": "transition cutting-edge web services"
    }
  },
  {
    "id": 5,
    "name": "Chelsey Dietrich",
    "username": "Kamren",
    "email": "Lucio_Hettinger@annie.ca",
    "address": {
      "street": "Skiles Walks",
      "suite": "Suite 351",
      "city": "Roscoeview",
      "zipcode": "33263",
      "geo": {
        "lat": "-31.8129",
        "lng": "62.5342"
      }
    },
    "phone": "(254)954-1289",
    "website": "demarco.info",
    "company": {
      "name": "Keebler LLC",
      "catchPhrase": "User-centric fault-tolerant solution",
      "bs": "revolutionize end-to-end systems"
    }
  },
  {
    "id": 6,
    "name": "Mrs. Dennis Schulist",
    "username": "Leopoldo_Corkery",
    "email": "Karley_Dach@jasper.info",
    "address": {
      "street": "Norberto Crossing",
      "suite": "Apt. 950",
      "city": "South Christy",
      "zipcode": "23505-1337",
      "geo": {
        "lat": "-71.4197",
        "lng": "71.7478"
      }
    },
    "phone": "1-477-935-8478 x6430",
    "website": "ola.org",
    "company": {
      "name": "Considine-Lockman",
      "catchPhrase": "Synchronised bottom-line interface",
      "bs": "e-enable innovative applications"
    }
  },
  {
    "id": 7,
    "name": "Kurtis Weissnat",
    "username": "Elwyn.Skiles",
    "email": "Telly.Hoeger@billy.biz",
    "address": {
      "street": "Rex Trail",
      "suite": "Suite 280",
      "city": "Howemouth",
      "zipcode": "58804-1099",
      "geo": {
        "lat": "24.8918",
        "lng": "21.8984"
      }
    },
    "phone": "210.067.6132",
    "website": "elvis.io",
    "company": {
      "name": "Johns Group",
      "catchPhrase": "Configurable multimedia task-force",
      "bs": "generate enterprise e-tailers"
    }
  },
  {
    "id": 8,
    "name": "Nicholas Runolfsdottir V",
    "username": "Maxime_Nienow",
    "email": "Sherwood@rosamond.me",
    "address": {
      "street": "Ellsworth Summit",
      "suite": "Suite 729",
      "city": "Aliyaview",
      "zipcode": "45169",
      "geo": {
        "lat": "-14.3990",
        "lng": "-120.7677"
      }
    },
    "phone": "586.493.6943 x140",
    "website": "jacynthe.com",
    "company": {
      "name": "Abernathy Group",
      "catchPhrase": "Implemented secondary concept",
      "bs": "e-enable extensible e-tailers"
    }
  },
  {
    "id": 9,
    "name": "Glenna Reichert",
    "username": "Delphine",
    "email": "Chaim_McDermott@dana.io",
    "address": {
      "street": "Dayna Park",
      "suite": "Suite 449",
      "city": "Bartholomebury",
      "zipcode": "76495-3109",
      "geo": {
        "lat": "24.6463",
        "lng": "-168.8889"
      }
    },
    "phone": "(775)976-6794 x41206",
    "website": "conrad.com",
    "company": {
      "name": "Yost and Sons",
      "catchPhrase": "Switchable contextually-based project",
      "bs": "aggregate real-time technologies"
    }
  },
  {
    "id": 10,
    "name": "Clementina DuBuque",
    "username": "Moriah.Stanton",
    "email": "Rey.Padberg@karina.biz",
    "address": {
      "street": "Kattie Turnpike",
      "suite": "Suite 198",
      "city": "Lebsackbury",
      "zipcode": "31428-2261",
      "geo": {
        "lat": "-38.2386",
        "lng": "57.2232"
      }
    },
    "phone": "024-648-3804",
    "website": "ambrose.net",
    "company": {
      "name": "Hoeger LLC",
      "catchPhrase": "Centralized empowering task-force",
      "bs": "target end-to-end models"
    }
  }
]

07:20:48.232 request:
2 > GET https://jsonplaceholder.typicode.com/users/1
2 > Accept-Encoding: gzip,deflate
2 > Connection: Keep-Alive
2 > Cookie: __cfduid=dd203e8523eb3fcc8a2a71e021759b83b1589847648
2 > Host: jsonplaceholder.typicode.com
2 > User-Agent: Apache-HttpClient/4.5.11 (Java/1.8.0_144)

07:20:48.323 response time in milliseconds: 90.26
2 < 200
2 < Access-Control-Allow-Credentials: true
2 < Age: 5453
2 < CF-Cache-Status: HIT
2 < CF-RAY: 5959a779d93c020f-SIN
2 < Cache-Control: max-age=14400
2 < Connection: keep-alive
2 < Content-Type: application/json; charset=utf-8
2 < Date: Tue, 19 May 2020 00:20:48 GMT
2 < Etag: W/"1fd-+2Y3G3w049iSZtw5t1mzSnunngE"
2 < Expect-CT: max-age=604800, report-uri="https://report-uri.cloudflare.com/cdn-cgi/beacon/expect-ct"
2 < Expires: -1
2 < Pragma: no-cache
2 < Server: cloudflare
2 < Transfer-Encoding: chunked
2 < Vary: Origin, Accept-Encoding
2 < Via: 1.1 vegur
2 < X-Content-Type-Options: nosniff
2 < X-Powered-By: Express
2 < cf-request-id: 02cbe700220000020f3bb0c200000001
{
  "id": 1,
  "name": "Leanne Graham",
  "username": "Bret",
  "email": "Sincere@april.biz",
  "address": {
    "street": "Kulas Light",
    "suite": "Apt. 556",
    "city": "Gwenborough",
    "zipcode": "92998-3874",
    "geo": {
      "lat": "-37.3159",
      "lng": "81.1496"
    }
  },
  "phone": "1-770-736-8031 x56442",
  "website": "hildegard.org",
  "company": {
    "name": "Romaguera-Crona",
    "catchPhrase": "Multi-layered client-server neural-net",
    "bs": "harness real-time e-markets"
  }
}

07:20:48.336 karate.env system property was:  
07:20:48.346 request:
1 > POST https://jsonplaceholder.typicode.com/users
1 > Accept-Encoding: gzip,deflate
1 > Connection: Keep-Alive
1 > Content-Length: 160
1 > Content-Type: application/json; charset=UTF-8
1 > Host: jsonplaceholder.typicode.com
1 > User-Agent: Apache-HttpClient/4.5.11 (Java/1.8.0_144)
{"name":"Test User","username":"testuser","email":"test@user.com","address":{"street":"Has No Name","suite":"Apt. 123","city":"Electri","zipcode":"54321-6789"}}

07:20:51.811 response time in milliseconds: 3464.02
1 < 201
1 < Access-Control-Allow-Credentials: true
1 < Access-Control-Expose-Headers: Location
1 < CF-Cache-Status: DYNAMIC
1 < CF-RAY: 5959a77a99ebc39a-SIN
1 < Cache-Control: no-cache
1 < Connection: keep-alive
1 < Content-Length: 216
1 < Content-Type: application/json; charset=utf-8
1 < Date: Tue, 19 May 2020 00:20:51 GMT
1 < Etag: W/"d8-pYV7+YuMGP2hxHPU9ARrf97ifDA"
1 < Expect-CT: max-age=604800, report-uri="https://report-uri.cloudflare.com/cdn-cgi/beacon/expect-ct"
1 < Expires: -1
1 < Location: http://jsonplaceholder.typicode.com/users/11
1 < Pragma: no-cache
1 < Server: cloudflare
1 < Set-Cookie: __cfduid=dee980934414e7404248e52356b1465281589847648; expires=Thu, 18-Jun-20 00:20:48 GMT; path=/; domain=.typicode.com; HttpOnly; SameSite=Lax
1 < Vary: Origin, X-HTTP-Method-Override, Accept-Encoding
1 < Via: 1.1 vegur
1 < X-Content-Type-Options: nosniff
1 < X-Powered-By: Express
1 < cf-request-id: 02cbe7009c0000c39abcb4d200000001
{
  "name": "Test User",
  "username": "testuser",
  "email": "test@user.com",
  "address": {
    "street": "Has No Name",
    "suite": "Apt. 123",
    "city": "Electri",
    "zipcode": "54321-6789"
  },
  "id": 11
}

07:20:51.820 [print] created id is:  11


